<?xml version="1.0" encoding="UTF-8"?>
<!-- Generated by org.testng.reporters.JUnitReportReporter -->
<testsuite hostname="S3XLAP222" failures="0" tests="8" name="Parallel.Rerun" time="96.742" errors="7" timestamp="2025-10-21T19:14:53 IST" skipped="0">
  <testcase classname="Parallel.Rerun" name="runScenario" time="14.123">
    <error message="Cannot invoke &quot;org.openqa.selenium.WebDriver.findElement(org.openqa.selenium.By)&quot; because &quot;driver&quot; is null" type="java.lang.NullPointerException">
      <![CDATA[java.lang.NullPointerException: Cannot invoke "org.openqa.selenium.WebDriver.findElement(org.openqa.selenium.By)" because "driver" is null
at org.openqa.selenium.support.ui.ExpectedConditions$7.apply(ExpectedConditions.java:194)
at org.openqa.selenium.support.ui.ExpectedConditions$7.apply(ExpectedConditions.java:190)
at org.openqa.selenium.support.ui.FluentWait.until(FluentWait.java:203)
at com.page.LoginPage.errorMessage(LoginPage.java:94)
at Parallel.LoginPageStep.i_should_see_an_error_message_indicated(LoginPageStep.java:64)
at ✽.I should see an error message indicated "Invalid credentials!"(classpath:Parallel/Excel.feature:6)
]]>
    </error>
  </testcase> <!-- runScenario -->
  <testcase classname="Parallel.Rerun" name="runScenario" time="10.105">
    <error message="Cannot invoke &quot;org.openqa.selenium.WebDriver.findElement(org.openqa.selenium.By)&quot; because &quot;driver&quot; is null" type="java.lang.NullPointerException">
      <![CDATA[java.lang.NullPointerException: Cannot invoke "org.openqa.selenium.WebDriver.findElement(org.openqa.selenium.By)" because "driver" is null
at org.openqa.selenium.support.ui.ExpectedConditions$7.apply(ExpectedConditions.java:194)
at org.openqa.selenium.support.ui.ExpectedConditions$7.apply(ExpectedConditions.java:190)
at org.openqa.selenium.support.ui.FluentWait.until(FluentWait.java:203)
at com.page.LoginPage.errorMessage(LoginPage.java:94)
at Parallel.LoginPageStep.i_should_see_an_error_message_indicated(LoginPageStep.java:64)
at ✽.I should see an error message indicated "Invalid credentials!"(classpath:Parallel/LoginPage.feature:20)
]]>
    </error>
  </testcase> <!-- runScenario -->
  <testcase classname="Parallel.Rerun" name="runScenario" time="14.122"/>
  <testcase classname="Parallel.Rerun" name="runScenario" time="12.541">
    <error message="stale element reference: stale element not found in the current frame
  (Session info: chrome=135.0.7049.96)
For documentation on this error, please visit: https://www.selenium.dev/documentation/webdriver/troubleshooting/errors#stale-element-reference-exception
Build info: version: &#039;4.23.1&#039;, revision: &#039;656257d8e9&#039;
System info: os.name: &#039;Windows 11&#039;, os.arch: &#039;amd64&#039;, os.version: &#039;10.0&#039;, java.version: &#039;21.0.7&#039;
Driver info: org.openqa.selenium.chrome.ChromeDriver
Command: [abb64482aa536a2d2afef92669a7ce44, clickElement {id=f.2EEAF3B289C40B78DAF89F913DC5C066.d.1283AFA1DFF8193BC4EB8B30D9283E80.e.78}]
Capabilities {acceptInsecureCerts: false, browserName: chrome, browserVersion: 135.0.7049.96, chrome: {chromedriverVersion: 135.0.7049.114 (63fd8a7d9d0..., userDataDir: C:\Users\geetha.t\AppData\L...}, fedcm:accounts: true, goog:chromeOptions: {debuggerAddress: localhost:56209}, networkConnectionEnabled: false, pageLoadStrategy: normal, platformName: windows, proxy: Proxy(), se:cdp: ws://localhost:56209/devtoo..., se:cdpVersion: 135.0.7049.96, setWindowRect: true, strictFileInteractability: false, timeouts: {implicit: 0, pageLoad: 300000, script: 30000}, unhandledPromptBehavior: dismiss and notify, webauthn:extension:credBlob: true, webauthn:extension:largeBlob: true, webauthn:extension:minPinLength: true, webauthn:extension:prf: true, webauthn:virtualAuthenticators: true}
Element: [[ChromeDriver: chrome on windows (abb64482aa536a2d2afef92669a7ce44)] -&gt; xpath: //div[text()=&#039; G &#039;]]
Session ID: abb64482aa536a2d2afef92669a7ce44" type="org.openqa.selenium.StaleElementReferenceException">
      <![CDATA[org.openqa.selenium.StaleElementReferenceException: stale element reference: stale element not found in the current frame
  (Session info: chrome=135.0.7049.96)
For documentation on this error, please visit: https://www.selenium.dev/documentation/webdriver/troubleshooting/errors#stale-element-reference-exception
Build info: version: '4.23.1', revision: '656257d8e9'
System info: os.name: 'Windows 11', os.arch: 'amd64', os.version: '10.0', java.version: '21.0.7'
Driver info: org.openqa.selenium.chrome.ChromeDriver
Command: [abb64482aa536a2d2afef92669a7ce44, clickElement {id=f.2EEAF3B289C40B78DAF89F913DC5C066.d.1283AFA1DFF8193BC4EB8B30D9283E80.e.78}]
Capabilities {acceptInsecureCerts: false, browserName: chrome, browserVersion: 135.0.7049.96, chrome: {chromedriverVersion: 135.0.7049.114 (63fd8a7d9d0..., userDataDir: C:\Users\geetha.t\AppData\L...}, fedcm:accounts: true, goog:chromeOptions: {debuggerAddress: localhost:56209}, networkConnectionEnabled: false, pageLoadStrategy: normal, platformName: windows, proxy: Proxy(), se:cdp: ws://localhost:56209/devtoo..., se:cdpVersion: 135.0.7049.96, setWindowRect: true, strictFileInteractability: false, timeouts: {implicit: 0, pageLoad: 300000, script: 30000}, unhandledPromptBehavior: dismiss and notify, webauthn:extension:credBlob: true, webauthn:extension:largeBlob: true, webauthn:extension:minPinLength: true, webauthn:extension:prf: true, webauthn:virtualAuthenticators: true}
Element: [[ChromeDriver: chrome on windows (abb64482aa536a2d2afef92669a7ce44)] -> xpath: //div[text()=' G ']]
Session ID: abb64482aa536a2d2afef92669a7ce44
at java.base/jdk.internal.reflect.DirectConstructorHandleAccessor.newInstance(DirectConstructorHandleAccessor.java:62)
at java.base/java.lang.reflect.Constructor.newInstanceWithCaller(Constructor.java:502)
at java.base/java.lang.reflect.Constructor.newInstance(Constructor.java:486)
at org.openqa.selenium.remote.ErrorCodec.decode(ErrorCodec.java:167)
at org.openqa.selenium.remote.codec.w3c.W3CHttpResponseCodec.decode(W3CHttpResponseCodec.java:138)
at org.openqa.selenium.remote.codec.w3c.W3CHttpResponseCodec.decode(W3CHttpResponseCodec.java:50)
at org.openqa.selenium.remote.HttpCommandExecutor.execute(HttpCommandExecutor.java:190)
at org.openqa.selenium.remote.service.DriverCommandExecutor.invokeExecute(DriverCommandExecutor.java:216)
at org.openqa.selenium.remote.service.DriverCommandExecutor.execute(DriverCommandExecutor.java:174)
at org.openqa.selenium.remote.RemoteWebDriver.execute(RemoteWebDriver.java:545)
at org.openqa.selenium.remote.RemoteWebElement.execute(RemoteWebElement.java:223)
at org.openqa.selenium.remote.RemoteWebElement.click(RemoteWebElement.java:76)
at com.page.LoginPage.profile(LoginPage.java:56)
at Parallel.LoginPageStep.i_should_be_loggged_in_successfully_and_validate_profile_name(LoginPageStep.java:47)
at ✽.I should be loggged in successfully and validate profile name "geetha.t@simplify3x.com"(classpath:Parallel/new.feature:13)
]]>
    </error>
  </testcase> <!-- runScenario -->
  <testcase classname="Parallel.Rerun" name="runScenario" time="10.443">
    <error message="Cannot invoke &quot;org.openqa.selenium.WebDriver.findElement(org.openqa.selenium.By)&quot; because &quot;driver&quot; is null" type="java.lang.NullPointerException">
      <![CDATA[java.lang.NullPointerException: Cannot invoke "org.openqa.selenium.WebDriver.findElement(org.openqa.selenium.By)" because "driver" is null
at org.openqa.selenium.support.ui.ExpectedConditions$7.apply(ExpectedConditions.java:194)
at org.openqa.selenium.support.ui.ExpectedConditions$7.apply(ExpectedConditions.java:190)
at org.openqa.selenium.support.ui.FluentWait.until(FluentWait.java:203)
at com.page.LoginPage.errorMessage(LoginPage.java:94)
at Parallel.LoginPageStep.i_should_see_an_error_message_indicated(LoginPageStep.java:64)
at ✽.I should see an error message indicated "Invalid credentials!"(classpath:Parallel/LoginPage.feature:20)
]]>
    </error>
  </testcase> <!-- runScenario -->
  <testcase classname="Parallel.Rerun" name="runScenario" time="12.740">
    <error message="Cannot invoke &quot;org.openqa.selenium.WebDriver.findElement(org.openqa.selenium.By)&quot; because &quot;driver&quot; is null" type="java.lang.NullPointerException">
      <![CDATA[java.lang.NullPointerException: Cannot invoke "org.openqa.selenium.WebDriver.findElement(org.openqa.selenium.By)" because "driver" is null
at org.openqa.selenium.support.ui.ExpectedConditions$7.apply(ExpectedConditions.java:194)
at org.openqa.selenium.support.ui.ExpectedConditions$7.apply(ExpectedConditions.java:190)
at org.openqa.selenium.support.ui.FluentWait.until(FluentWait.java:203)
at com.page.LoginPage.errorMessage(LoginPage.java:94)
at Parallel.LoginPageStep.i_should_see_an_error_message_indicated(LoginPageStep.java:64)
at ✽.I should see an error message indicated "Invalid credentials!"(classpath:Parallel/Excel.feature:6)
]]>
    </error>
  </testcase> <!-- runScenario -->
  <testcase classname="Parallel.Rerun" name="runScenario" time="11.483">
    <error message="Cannot invoke &quot;org.openqa.selenium.WebDriver.findElement(org.openqa.selenium.By)&quot; because &quot;driver&quot; is null" type="java.lang.NullPointerException">
      <![CDATA[java.lang.NullPointerException: Cannot invoke "org.openqa.selenium.WebDriver.findElement(org.openqa.selenium.By)" because "driver" is null
at org.openqa.selenium.support.ui.ExpectedConditions$7.apply(ExpectedConditions.java:194)
at org.openqa.selenium.support.ui.ExpectedConditions$7.apply(ExpectedConditions.java:190)
at org.openqa.selenium.support.ui.FluentWait.until(FluentWait.java:203)
at com.page.LoginPage.errorMessage(LoginPage.java:94)
at Parallel.LoginPageStep.i_should_see_an_error_message_indicated(LoginPageStep.java:64)
at ✽.I should see an error message indicated "Invalid credentials!"(classpath:Parallel/Excel.feature:6)
]]>
    </error>
  </testcase> <!-- runScenario -->
  <testcase classname="Parallel.Rerun" name="runScenario" time="11.185">
    <error message="Cannot invoke &quot;org.openqa.selenium.WebDriver.findElement(org.openqa.selenium.By)&quot; because &quot;driver&quot; is null" type="java.lang.NullPointerException">
      <![CDATA[java.lang.NullPointerException: Cannot invoke "org.openqa.selenium.WebDriver.findElement(org.openqa.selenium.By)" because "driver" is null
at org.openqa.selenium.support.ui.ExpectedConditions$7.apply(ExpectedConditions.java:194)
at org.openqa.selenium.support.ui.ExpectedConditions$7.apply(ExpectedConditions.java:190)
at org.openqa.selenium.support.ui.FluentWait.until(FluentWait.java:203)
at com.page.LoginPage.errorMessage(LoginPage.java:94)
at Parallel.LoginPageStep.i_should_see_an_error_message_indicated(LoginPageStep.java:64)
at ✽.I should see an error message indicated "Invalid credentials!"(classpath:Parallel/LoginPage.feature:20)
]]>
    </error>
  </testcase> <!-- runScenario -->
</testsuite> <!-- Parallel.Rerun -->
